[0.009s] Invoking command in '/home/jay/mini_ws2/build/my_robot_description': CMAKE_PREFIX_PATH=${CMAKE_PREFIX_PATH}:/home/jay/mini_ws2/install/my_py_pkg:/home/jay/ros2_ws/install/my_py_pkg:/opt/ros/humble /usr/bin/cmake --build /home/jay/mini_ws2/build/my_robot_description -- -j24 -l24
[0.034s] Invoked command in '/home/jay/mini_ws2/build/my_robot_description' returned '0': CMAKE_PREFIX_PATH=${CMAKE_PREFIX_PATH}:/home/jay/mini_ws2/install/my_py_pkg:/home/jay/ros2_ws/install/my_py_pkg:/opt/ros/humble /usr/bin/cmake --build /home/jay/mini_ws2/build/my_robot_description -- -j24 -l24
[0.076s] Invoking command in '/home/jay/mini_ws2/build/my_robot_description': CMAKE_PREFIX_PATH=${CMAKE_PREFIX_PATH}:/home/jay/mini_ws2/install/my_py_pkg:/home/jay/ros2_ws/install/my_py_pkg:/opt/ros/humble /usr/bin/cmake --install /home/jay/mini_ws2/build/my_robot_description
[0.084s] -- Install configuration: ""
[0.084s] -- Execute custom install script
[0.085s] -- Up-to-date symlink: /home/jay/mini_ws2/install/my_robot_description/share/my_robot_description//urdf/camera.xacro
[0.085s] -- Up-to-date symlink: /home/jay/mini_ws2/install/my_robot_description/share/my_robot_description//urdf/common_properties.xacro
[0.085s] -- Up-to-date symlink: /home/jay/mini_ws2/install/my_robot_description/share/my_robot_description//urdf/mobile_base.xacro
[0.085s] -- Up-to-date symlink: /home/jay/mini_ws2/install/my_robot_description/share/my_robot_description//urdf/mobile_base_gazebo.xacro
[0.085s] -- Up-to-date symlink: /home/jay/mini_ws2/install/my_robot_description/share/my_robot_description//urdf/my_robot.urdf.xacro
[0.086s] -- Up-to-date symlink: /home/jay/mini_ws2/install/my_robot_description/share/my_robot_description//launch/display.launch.py
[0.086s] -- Up-to-date symlink: /home/jay/mini_ws2/install/my_robot_description/share/my_robot_description//launch/display.launch.xml
[0.086s] -- Up-to-date symlink: /home/jay/mini_ws2/install/my_robot_description/share/my_robot_description//rviz/urdf_config.rviz
[0.086s] -- Up-to-date symlink: /home/jay/mini_ws2/install/my_robot_description/share/ament_index/resource_index/package_run_dependencies/my_robot_description
[0.086s] -- Up-to-date symlink: /home/jay/mini_ws2/install/my_robot_description/share/ament_index/resource_index/parent_prefix_path/my_robot_description
[0.086s] -- Up-to-date symlink: /home/jay/mini_ws2/install/my_robot_description/share/my_robot_description/environment/ament_prefix_path.sh
[0.086s] -- Up-to-date symlink: /home/jay/mini_ws2/install/my_robot_description/share/my_robot_description/environment/ament_prefix_path.dsv
[0.086s] -- Up-to-date symlink: /home/jay/mini_ws2/install/my_robot_description/share/my_robot_description/environment/path.sh
[0.087s] -- Up-to-date symlink: /home/jay/mini_ws2/install/my_robot_description/share/my_robot_description/environment/path.dsv
[0.087s] -- Up-to-date symlink: /home/jay/mini_ws2/install/my_robot_description/share/my_robot_description/local_setup.bash
[0.087s] -- Up-to-date symlink: /home/jay/mini_ws2/install/my_robot_description/share/my_robot_description/local_setup.sh
[0.087s] -- Up-to-date symlink: /home/jay/mini_ws2/install/my_robot_description/share/my_robot_description/local_setup.zsh
[0.087s] -- Up-to-date symlink: /home/jay/mini_ws2/install/my_robot_description/share/my_robot_description/local_setup.dsv
[0.087s] -- Symlinking: /home/jay/mini_ws2/install/my_robot_description/share/my_robot_description/package.dsv
[0.097s] -- Up-to-date symlink: /home/jay/mini_ws2/install/my_robot_description/share/ament_index/resource_index/packages/my_robot_description
[0.097s] -- Up-to-date symlink: /home/jay/mini_ws2/install/my_robot_description/share/my_robot_description/cmake/my_robot_descriptionConfig.cmake
[0.097s] -- Up-to-date symlink: /home/jay/mini_ws2/install/my_robot_description/share/my_robot_description/cmake/my_robot_descriptionConfig-version.cmake
[0.097s] -- Up-to-date symlink: /home/jay/mini_ws2/install/my_robot_description/share/my_robot_description/package.xml
[0.099s] Invoked command in '/home/jay/mini_ws2/build/my_robot_description' returned '0': CMAKE_PREFIX_PATH=${CMAKE_PREFIX_PATH}:/home/jay/mini_ws2/install/my_py_pkg:/home/jay/ros2_ws/install/my_py_pkg:/opt/ros/humble /usr/bin/cmake --install /home/jay/mini_ws2/build/my_robot_description
