[0.006s] Invoking command in '/home/jay/mini_ws2/build/my_robot_description': CMAKE_PREFIX_PATH=${CMAKE_PREFIX_PATH}:/home/jay/mini_ws2/install/my_py_pkg:/home/jay/ros2_ws/install/my_py_pkg:/opt/ros/humble /usr/bin/cmake --build /home/jay/mini_ws2/build/my_robot_description -- -j24 -l24
[0.028s] Invoked command in '/home/jay/mini_ws2/build/my_robot_description' returned '0': CMAKE_PREFIX_PATH=${CMAKE_PREFIX_PATH}:/home/jay/mini_ws2/install/my_py_pkg:/home/jay/ros2_ws/install/my_py_pkg:/opt/ros/humble /usr/bin/cmake --build /home/jay/mini_ws2/build/my_robot_description -- -j24 -l24
[0.066s] Invoking command in '/home/jay/mini_ws2/build/my_robot_description': CMAKE_PREFIX_PATH=${CMAKE_PREFIX_PATH}:/home/jay/mini_ws2/install/my_py_pkg:/home/jay/ros2_ws/install/my_py_pkg:/opt/ros/humble /usr/bin/cmake --install /home/jay/mini_ws2/build/my_robot_description
[0.072s] -- Install configuration: ""
[0.072s] -- Execute custom install script
[0.073s] -- Up-to-date symlink: /home/jay/mini_ws2/install/my_robot_description/share/my_robot_description//urdf/camera.xacro
[0.074s] -- Up-to-date symlink: /home/jay/mini_ws2/install/my_robot_description/share/my_robot_description//urdf/common_properties.xacro
[0.074s] -- Up-to-date symlink: /home/jay/mini_ws2/install/my_robot_description/share/my_robot_description//urdf/mobile_base.xacro
[0.074s] -- Up-to-date symlink: /home/jay/mini_ws2/install/my_robot_description/share/my_robot_description//urdf/mobile_base_gazebo.xacro
[0.074s] -- Up-to-date symlink: /home/jay/mini_ws2/install/my_robot_description/share/my_robot_description//urdf/my_robot.urdf.xacro
[0.074s] [33mCMake Warning (dev) at ament_cmake_symlink_install/ament_cmake_symlink_install.cmake:62 (file):
[0.074s]   Policy CMP0009 is not set: FILE GLOB_RECURSE calls should not follow
[0.074s]   symlinks by default.  Run "cmake --help-policy CMP0009" for policy details.
[0.075s]   Use the cmake_policy command to set the policy and suppress this warning.
[0.075s] Call Stack (most recent call first):
[0.075s]   ament_cmake_symlink_install/ament_cmake_symlink_install.cmake:314 (ament_cmake_symlink_install_directory)
[0.075s]   cmake_install.cmake:46 (include)
[0.075s] This warning is for project developers.  Use -Wno-dev to suppress it.
[0.075s] [0m
[0.075s] -- Up-to-date symlink: /home/jay/mini_ws2/install/my_robot_description/share/my_robot_description//launch/build/.built_by
[0.075s] -- Up-to-date symlink: /home/jay/mini_ws2/install/my_robot_description/share/my_robot_description//launch/build/COLCON_IGNORE
[0.075s] -- Up-to-date symlink: /home/jay/mini_ws2/install/my_robot_description/share/my_robot_description//launch/display.launch.py
[0.075s] -- Up-to-date symlink: /home/jay/mini_ws2/install/my_robot_description/share/my_robot_description//launch/display.launch.xml
[0.075s] -- Up-to-date symlink: /home/jay/mini_ws2/install/my_robot_description/share/my_robot_description//launch/install/.colcon_install_layout
[0.075s] -- Up-to-date symlink: /home/jay/mini_ws2/install/my_robot_description/share/my_robot_description//launch/install/COLCON_IGNORE
[0.075s] -- Up-to-date symlink: /home/jay/mini_ws2/install/my_robot_description/share/my_robot_description//launch/install/_local_setup_util_ps1.py
[0.075s] -- Up-to-date symlink: /home/jay/mini_ws2/install/my_robot_description/share/my_robot_description//launch/install/_local_setup_util_sh.py
[0.075s] -- Up-to-date symlink: /home/jay/mini_ws2/install/my_robot_description/share/my_robot_description//launch/install/local_setup.bash
[0.075s] -- Up-to-date symlink: /home/jay/mini_ws2/install/my_robot_description/share/my_robot_description//launch/install/local_setup.ps1
[0.075s] -- Up-to-date symlink: /home/jay/mini_ws2/install/my_robot_description/share/my_robot_description//launch/install/local_setup.sh
[0.075s] -- Up-to-date symlink: /home/jay/mini_ws2/install/my_robot_description/share/my_robot_description//launch/install/local_setup.zsh
[0.076s] -- Up-to-date symlink: /home/jay/mini_ws2/install/my_robot_description/share/my_robot_description//launch/install/setup.bash
[0.076s] -- Up-to-date symlink: /home/jay/mini_ws2/install/my_robot_description/share/my_robot_description//launch/install/setup.ps1
[0.076s] -- Up-to-date symlink: /home/jay/mini_ws2/install/my_robot_description/share/my_robot_description//launch/install/setup.sh
[0.076s] -- Up-to-date symlink: /home/jay/mini_ws2/install/my_robot_description/share/my_robot_description//launch/install/setup.zsh
[0.076s] -- Up-to-date symlink: /home/jay/mini_ws2/install/my_robot_description/share/my_robot_description//launch/log/COLCON_IGNORE
[0.076s] -- Up-to-date symlink: /home/jay/mini_ws2/install/my_robot_description/share/my_robot_description//launch/log/build_2024-06-03_16-35-13/events.log
[0.076s] -- Up-to-date symlink: /home/jay/mini_ws2/install/my_robot_description/share/my_robot_description//launch/log/build_2024-06-03_16-35-13/logger_all.log
[0.076s] -- Up-to-date symlink: /home/jay/mini_ws2/install/my_robot_description/share/my_robot_description//launch/log/latest/events.log
[0.076s] -- Up-to-date symlink: /home/jay/mini_ws2/install/my_robot_description/share/my_robot_description//launch/log/latest/logger_all.log
[0.076s] -- Up-to-date symlink: /home/jay/mini_ws2/install/my_robot_description/share/my_robot_description//launch/log/latest_build/events.log
[0.076s] -- Up-to-date symlink: /home/jay/mini_ws2/install/my_robot_description/share/my_robot_description//launch/log/latest_build/logger_all.log
[0.076s] -- Up-to-date symlink: /home/jay/mini_ws2/install/my_robot_description/share/my_robot_description//rviz/urdf_config.rviz
[0.076s] -- Up-to-date symlink: /home/jay/mini_ws2/install/my_robot_description/share/ament_index/resource_index/package_run_dependencies/my_robot_description
[0.076s] -- Up-to-date symlink: /home/jay/mini_ws2/install/my_robot_description/share/ament_index/resource_index/parent_prefix_path/my_robot_description
[0.076s] -- Up-to-date symlink: /home/jay/mini_ws2/install/my_robot_description/share/my_robot_description/environment/ament_prefix_path.sh
[0.076s] -- Up-to-date symlink: /home/jay/mini_ws2/install/my_robot_description/share/my_robot_description/environment/ament_prefix_path.dsv
[0.076s] -- Up-to-date symlink: /home/jay/mini_ws2/install/my_robot_description/share/my_robot_description/environment/path.sh
[0.076s] -- Up-to-date symlink: /home/jay/mini_ws2/install/my_robot_description/share/my_robot_description/environment/path.dsv
[0.076s] -- Up-to-date symlink: /home/jay/mini_ws2/install/my_robot_description/share/my_robot_description/local_setup.bash
[0.076s] -- Up-to-date symlink: /home/jay/mini_ws2/install/my_robot_description/share/my_robot_description/local_setup.sh
[0.076s] -- Up-to-date symlink: /home/jay/mini_ws2/install/my_robot_description/share/my_robot_description/local_setup.zsh
[0.077s] -- Up-to-date symlink: /home/jay/mini_ws2/install/my_robot_description/share/my_robot_description/local_setup.dsv
[0.077s] -- Symlinking: /home/jay/mini_ws2/install/my_robot_description/share/my_robot_description/package.dsv
[0.084s] -- Up-to-date symlink: /home/jay/mini_ws2/install/my_robot_description/share/ament_index/resource_index/packages/my_robot_description
[0.084s] -- Up-to-date symlink: /home/jay/mini_ws2/install/my_robot_description/share/my_robot_description/cmake/my_robot_descriptionConfig.cmake
[0.084s] -- Up-to-date symlink: /home/jay/mini_ws2/install/my_robot_description/share/my_robot_description/cmake/my_robot_descriptionConfig-version.cmake
[0.084s] -- Up-to-date symlink: /home/jay/mini_ws2/install/my_robot_description/share/my_robot_description/package.xml
[0.087s] Invoked command in '/home/jay/mini_ws2/build/my_robot_description' returned '0': CMAKE_PREFIX_PATH=${CMAKE_PREFIX_PATH}:/home/jay/mini_ws2/install/my_py_pkg:/home/jay/ros2_ws/install/my_py_pkg:/opt/ros/humble /usr/bin/cmake --install /home/jay/mini_ws2/build/my_robot_description
