[0.006s] Invoking command in '/home/jay/mini_ws2/build/my_robot_bringup': CMAKE_PREFIX_PATH=/home/jay/mini_ws2/install/my_robot_description:/home/jay/mini_ws2/install/my_robot_bringup:/home/jay/mini_ws2/install/my_cpp_pkg:/home/jay/mini_ws2/install/Hector_Keyboard:/home/jay/ros2_ws/install/my_robot_bringup:/home/jay/ros2_ws/install/my_robot_description:/home/jay/ros2_ws/install/my_cpp_pkg:/home/jay/ros2_ws/install/Hector_Keyboard:/home/jay/mini_ws2/install/my_py_pkg:/home/jay/ros2_ws/install/my_py_pkg:/opt/ros/humble /usr/bin/cmake --build /home/jay/mini_ws2/build/my_robot_bringup -- -j24 -l24
[0.046s] Invoked command in '/home/jay/mini_ws2/build/my_robot_bringup' returned '0': CMAKE_PREFIX_PATH=/home/jay/mini_ws2/install/my_robot_description:/home/jay/mini_ws2/install/my_robot_bringup:/home/jay/mini_ws2/install/my_cpp_pkg:/home/jay/mini_ws2/install/Hector_Keyboard:/home/jay/ros2_ws/install/my_robot_bringup:/home/jay/ros2_ws/install/my_robot_description:/home/jay/ros2_ws/install/my_cpp_pkg:/home/jay/ros2_ws/install/Hector_Keyboard:/home/jay/mini_ws2/install/my_py_pkg:/home/jay/ros2_ws/install/my_py_pkg:/opt/ros/humble /usr/bin/cmake --build /home/jay/mini_ws2/build/my_robot_bringup -- -j24 -l24
[0.072s] Invoking command in '/home/jay/mini_ws2/build/my_robot_bringup': CMAKE_PREFIX_PATH=/home/jay/mini_ws2/install/my_robot_description:/home/jay/mini_ws2/install/my_robot_bringup:/home/jay/mini_ws2/install/my_cpp_pkg:/home/jay/mini_ws2/install/Hector_Keyboard:/home/jay/ros2_ws/install/my_robot_bringup:/home/jay/ros2_ws/install/my_robot_description:/home/jay/ros2_ws/install/my_cpp_pkg:/home/jay/ros2_ws/install/Hector_Keyboard:/home/jay/mini_ws2/install/my_py_pkg:/home/jay/ros2_ws/install/my_py_pkg:/opt/ros/humble /usr/bin/cmake --install /home/jay/mini_ws2/build/my_robot_bringup
[0.084s] -- Install configuration: ""
[0.085s] -- Execute custom install script
[0.086s] -- Up-to-date symlink: /home/jay/mini_ws2/install/my_robot_bringup/share/my_robot_bringup//launch/my_robot_gazebo.launch.xml
[0.086s] -- Up-to-date symlink: /home/jay/mini_ws2/install/my_robot_bringup/share/my_robot_bringup//rviz/urdf_config.rviz
[0.086s] -- Up-to-date symlink: /home/jay/mini_ws2/install/my_robot_bringup/share/my_robot_bringup//worlds/test_world.world
[0.086s] -- Up-to-date symlink: /home/jay/mini_ws2/install/my_robot_bringup/share/ament_index/resource_index/package_run_dependencies/my_robot_bringup
[0.086s] -- Up-to-date symlink: /home/jay/mini_ws2/install/my_robot_bringup/share/ament_index/resource_index/parent_prefix_path/my_robot_bringup
[0.087s] -- Up-to-date symlink: /home/jay/mini_ws2/install/my_robot_bringup/share/my_robot_bringup/environment/ament_prefix_path.sh
[0.087s] -- Up-to-date symlink: /home/jay/mini_ws2/install/my_robot_bringup/share/my_robot_bringup/environment/ament_prefix_path.dsv
[0.087s] -- Up-to-date symlink: /home/jay/mini_ws2/install/my_robot_bringup/share/my_robot_bringup/environment/path.sh
[0.087s] -- Up-to-date symlink: /home/jay/mini_ws2/install/my_robot_bringup/share/my_robot_bringup/environment/path.dsv
[0.087s] -- Up-to-date symlink: /home/jay/mini_ws2/install/my_robot_bringup/share/my_robot_bringup/local_setup.bash
[0.087s] -- Up-to-date symlink: /home/jay/mini_ws2/install/my_robot_bringup/share/my_robot_bringup/local_setup.sh
[0.087s] -- Up-to-date symlink: /home/jay/mini_ws2/install/my_robot_bringup/share/my_robot_bringup/local_setup.zsh
[0.087s] -- Up-to-date symlink: /home/jay/mini_ws2/install/my_robot_bringup/share/my_robot_bringup/local_setup.dsv
[0.087s] -- Symlinking: /home/jay/mini_ws2/install/my_robot_bringup/share/my_robot_bringup/package.dsv
[0.098s] -- Up-to-date symlink: /home/jay/mini_ws2/install/my_robot_bringup/share/ament_index/resource_index/packages/my_robot_bringup
[0.099s] -- Up-to-date symlink: /home/jay/mini_ws2/install/my_robot_bringup/share/my_robot_bringup/cmake/my_robot_bringupConfig.cmake
[0.099s] -- Up-to-date symlink: /home/jay/mini_ws2/install/my_robot_bringup/share/my_robot_bringup/cmake/my_robot_bringupConfig-version.cmake
[0.099s] -- Up-to-date symlink: /home/jay/mini_ws2/install/my_robot_bringup/share/my_robot_bringup/package.xml
[0.101s] Invoked command in '/home/jay/mini_ws2/build/my_robot_bringup' returned '0': CMAKE_PREFIX_PATH=/home/jay/mini_ws2/install/my_robot_description:/home/jay/mini_ws2/install/my_robot_bringup:/home/jay/mini_ws2/install/my_cpp_pkg:/home/jay/mini_ws2/install/Hector_Keyboard:/home/jay/ros2_ws/install/my_robot_bringup:/home/jay/ros2_ws/install/my_robot_description:/home/jay/ros2_ws/install/my_cpp_pkg:/home/jay/ros2_ws/install/Hector_Keyboard:/home/jay/mini_ws2/install/my_py_pkg:/home/jay/ros2_ws/install/my_py_pkg:/opt/ros/humble /usr/bin/cmake --install /home/jay/mini_ws2/build/my_robot_bringup
