[0.005s] Invoking command in '/home/jay/mini_ws2/build/my_robot_description': CMAKE_PREFIX_PATH=${CMAKE_PREFIX_PATH}:/home/jay/mini_ws2/install/my_py_pkg:/home/jay/ros2_ws/install/my_py_pkg:/opt/ros/humble /usr/bin/cmake /home/jay/mini_ws2/src/my_robot_description -DAMENT_CMAKE_SYMLINK_INSTALL=1 -DCMAKE_INSTALL_PREFIX=/home/jay/mini_ws2/install/my_robot_description
[0.034s] -- The C compiler identification is GNU 11.4.0
[0.085s] -- The CXX compiler identification is GNU 11.4.0
[0.089s] -- Detecting C compiler ABI info
[0.153s] -- Detecting C compiler ABI info - done
[0.157s] -- Check for working C compiler: /usr/bin/cc - skipped
[0.157s] -- Detecting C compile features
[0.157s] -- Detecting C compile features - done
[0.159s] -- Detecting CXX compiler ABI info
[0.232s] -- Detecting CXX compiler ABI info - done
[0.239s] -- Check for working CXX compiler: /usr/bin/c++ - skipped
[0.239s] -- Detecting CXX compile features
[0.239s] -- Detecting CXX compile features - done
[0.241s] -- Found ament_cmake: 1.3.8 (/opt/ros/humble/share/ament_cmake/cmake)
[0.337s] -- Found Python3: /usr/bin/python3 (found version "3.10.12") found components: Interpreter 
[0.375s] -- Override CMake install command with custom implementation using symlinks instead of copying resources
[0.423s] -- Configuring done
[0.424s] -- Generating done
[0.424s] -- Build files have been written to: /home/jay/mini_ws2/build/my_robot_description
[0.427s] Invoked command in '/home/jay/mini_ws2/build/my_robot_description' returned '0': CMAKE_PREFIX_PATH=${CMAKE_PREFIX_PATH}:/home/jay/mini_ws2/install/my_py_pkg:/home/jay/ros2_ws/install/my_py_pkg:/opt/ros/humble /usr/bin/cmake /home/jay/mini_ws2/src/my_robot_description -DAMENT_CMAKE_SYMLINK_INSTALL=1 -DCMAKE_INSTALL_PREFIX=/home/jay/mini_ws2/install/my_robot_description
[0.427s] Invoking command in '/home/jay/mini_ws2/build/my_robot_description': CMAKE_PREFIX_PATH=${CMAKE_PREFIX_PATH}:/home/jay/mini_ws2/install/my_py_pkg:/home/jay/ros2_ws/install/my_py_pkg:/opt/ros/humble /usr/bin/cmake --build /home/jay/mini_ws2/build/my_robot_description -- -j24 -l24
[0.449s] Invoked command in '/home/jay/mini_ws2/build/my_robot_description' returned '0': CMAKE_PREFIX_PATH=${CMAKE_PREFIX_PATH}:/home/jay/mini_ws2/install/my_py_pkg:/home/jay/ros2_ws/install/my_py_pkg:/opt/ros/humble /usr/bin/cmake --build /home/jay/mini_ws2/build/my_robot_description -- -j24 -l24
[0.478s] Invoking command in '/home/jay/mini_ws2/build/my_robot_description': CMAKE_PREFIX_PATH=${CMAKE_PREFIX_PATH}:/home/jay/mini_ws2/install/my_py_pkg:/home/jay/ros2_ws/install/my_py_pkg:/opt/ros/humble /usr/bin/cmake --install /home/jay/mini_ws2/build/my_robot_description
[0.482s] -- Install configuration: ""
[0.482s] -- Execute custom install script
[0.483s] -- Symlinking: /home/jay/mini_ws2/install/my_robot_description/share/my_robot_description//urdf/camera.xacro
[0.488s] -- Symlinking: /home/jay/mini_ws2/install/my_robot_description/share/my_robot_description//urdf/common_properties.xacro
[0.496s] -- Symlinking: /home/jay/mini_ws2/install/my_robot_description/share/my_robot_description//urdf/mobile_base.xacro
[0.501s] -- Symlinking: /home/jay/mini_ws2/install/my_robot_description/share/my_robot_description//urdf/mobile_base_gazebo.xacro
[0.510s] -- Symlinking: /home/jay/mini_ws2/install/my_robot_description/share/my_robot_description//urdf/my_robot.urdf.xacro
[0.515s] -- Symlinking: /home/jay/mini_ws2/install/my_robot_description/share/my_robot_description//launch/display.launch.py
[0.520s] -- Symlinking: /home/jay/mini_ws2/install/my_robot_description/share/my_robot_description//launch/display.launch.xml
[0.525s] -- Symlinking: /home/jay/mini_ws2/install/my_robot_description/share/my_robot_description//rviz/urdf_config.rviz
[0.532s] -- Symlinking: /home/jay/mini_ws2/install/my_robot_description/share/ament_index/resource_index/package_run_dependencies/my_robot_description
[0.540s] -- Symlinking: /home/jay/mini_ws2/install/my_robot_description/share/ament_index/resource_index/parent_prefix_path/my_robot_description
[0.547s] -- Symlinking: /home/jay/mini_ws2/install/my_robot_description/share/my_robot_description/environment/ament_prefix_path.sh
[0.556s] -- Symlinking: /home/jay/mini_ws2/install/my_robot_description/share/my_robot_description/environment/ament_prefix_path.dsv
[0.566s] -- Symlinking: /home/jay/mini_ws2/install/my_robot_description/share/my_robot_description/environment/path.sh
[0.576s] -- Symlinking: /home/jay/mini_ws2/install/my_robot_description/share/my_robot_description/environment/path.dsv
[0.582s] -- Symlinking: /home/jay/mini_ws2/install/my_robot_description/share/my_robot_description/local_setup.bash
[0.588s] -- Symlinking: /home/jay/mini_ws2/install/my_robot_description/share/my_robot_description/local_setup.sh
[0.596s] -- Symlinking: /home/jay/mini_ws2/install/my_robot_description/share/my_robot_description/local_setup.zsh
[0.605s] -- Symlinking: /home/jay/mini_ws2/install/my_robot_description/share/my_robot_description/local_setup.dsv
[0.615s] -- Symlinking: /home/jay/mini_ws2/install/my_robot_description/share/my_robot_description/package.dsv
[0.624s] -- Symlinking: /home/jay/mini_ws2/install/my_robot_description/share/ament_index/resource_index/packages/my_robot_description
[0.632s] -- Symlinking: /home/jay/mini_ws2/install/my_robot_description/share/my_robot_description/cmake/my_robot_descriptionConfig.cmake
[0.641s] -- Symlinking: /home/jay/mini_ws2/install/my_robot_description/share/my_robot_description/cmake/my_robot_descriptionConfig-version.cmake
[0.655s] -- Symlinking: /home/jay/mini_ws2/install/my_robot_description/share/my_robot_description/package.xml
[0.669s] Invoked command in '/home/jay/mini_ws2/build/my_robot_description' returned '0': CMAKE_PREFIX_PATH=${CMAKE_PREFIX_PATH}:/home/jay/mini_ws2/install/my_py_pkg:/home/jay/ros2_ws/install/my_py_pkg:/opt/ros/humble /usr/bin/cmake --install /home/jay/mini_ws2/build/my_robot_description
