-- Install configuration: ""
-- Execute custom install script
-- Up-to-date symlink: /home/jay/mini_ws2/install/my_robot_description/share/my_robot_description//urdf/camera.xacro
-- Up-to-date symlink: /home/jay/mini_ws2/install/my_robot_description/share/my_robot_description//urdf/common_properties.xacro
-- Up-to-date symlink: /home/jay/mini_ws2/install/my_robot_description/share/my_robot_description//urdf/mobile_base.xacro
-- Up-to-date symlink: /home/jay/mini_ws2/install/my_robot_description/share/my_robot_description//urdf/mobile_base_gazebo.xacro
-- Up-to-date symlink: /home/jay/mini_ws2/install/my_robot_description/share/my_robot_description//urdf/my_robot.urdf.xacro
-- Symlinking: /home/jay/mini_ws2/install/my_robot_description/share/my_robot_description//launch/build/.built_by
-- Symlinking: /home/jay/mini_ws2/install/my_robot_description/share/my_robot_description//launch/build/COLCON_IGNORE
-- Up-to-date symlink: /home/jay/mini_ws2/install/my_robot_description/share/my_robot_description//launch/display.launch.py
-- Up-to-date symlink: /home/jay/mini_ws2/install/my_robot_description/share/my_robot_description//launch/display.launch.xml
-- Symlinking: /home/jay/mini_ws2/install/my_robot_description/share/my_robot_description//launch/install/.colcon_install_layout
-- Symlinking: /home/jay/mini_ws2/install/my_robot_description/share/my_robot_description//launch/install/COLCON_IGNORE
-- Symlinking: /home/jay/mini_ws2/install/my_robot_description/share/my_robot_description//launch/install/_local_setup_util_ps1.py
-- Symlinking: /home/jay/mini_ws2/install/my_robot_description/share/my_robot_description//launch/install/_local_setup_util_sh.py
-- Symlinking: /home/jay/mini_ws2/install/my_robot_description/share/my_robot_description//launch/install/local_setup.bash
-- Symlinking: /home/jay/mini_ws2/install/my_robot_description/share/my_robot_description//launch/install/local_setup.ps1
-- Symlinking: /home/jay/mini_ws2/install/my_robot_description/share/my_robot_description//launch/install/local_setup.sh
-- Symlinking: /home/jay/mini_ws2/install/my_robot_description/share/my_robot_description//launch/install/local_setup.zsh
-- Symlinking: /home/jay/mini_ws2/install/my_robot_description/share/my_robot_description//launch/install/setup.bash
-- Symlinking: /home/jay/mini_ws2/install/my_robot_description/share/my_robot_description//launch/install/setup.ps1
-- Symlinking: /home/jay/mini_ws2/install/my_robot_description/share/my_robot_description//launch/install/setup.sh
-- Symlinking: /home/jay/mini_ws2/install/my_robot_description/share/my_robot_description//launch/install/setup.zsh
-- Symlinking: /home/jay/mini_ws2/install/my_robot_description/share/my_robot_description//launch/log/COLCON_IGNORE
-- Symlinking: /home/jay/mini_ws2/install/my_robot_description/share/my_robot_description//launch/log/build_2024-06-03_16-35-13/events.log
-- Symlinking: /home/jay/mini_ws2/install/my_robot_description/share/my_robot_description//launch/log/build_2024-06-03_16-35-13/logger_all.log
-- Symlinking: /home/jay/mini_ws2/install/my_robot_description/share/my_robot_description//launch/log/latest/events.log
-- Symlinking: /home/jay/mini_ws2/install/my_robot_description/share/my_robot_description//launch/log/latest/logger_all.log
-- Symlinking: /home/jay/mini_ws2/install/my_robot_description/share/my_robot_description//launch/log/latest_build/events.log
-- Symlinking: /home/jay/mini_ws2/install/my_robot_description/share/my_robot_description//launch/log/latest_build/logger_all.log
-- Up-to-date symlink: /home/jay/mini_ws2/install/my_robot_description/share/my_robot_description//rviz/urdf_config.rviz
-- Up-to-date symlink: /home/jay/mini_ws2/install/my_robot_description/share/ament_index/resource_index/package_run_dependencies/my_robot_description
-- Up-to-date symlink: /home/jay/mini_ws2/install/my_robot_description/share/ament_index/resource_index/parent_prefix_path/my_robot_description
-- Up-to-date symlink: /home/jay/mini_ws2/install/my_robot_description/share/my_robot_description/environment/ament_prefix_path.sh
-- Up-to-date symlink: /home/jay/mini_ws2/install/my_robot_description/share/my_robot_description/environment/ament_prefix_path.dsv
-- Up-to-date symlink: /home/jay/mini_ws2/install/my_robot_description/share/my_robot_description/environment/path.sh
-- Up-to-date symlink: /home/jay/mini_ws2/install/my_robot_description/share/my_robot_description/environment/path.dsv
-- Up-to-date symlink: /home/jay/mini_ws2/install/my_robot_description/share/my_robot_description/local_setup.bash
-- Up-to-date symlink: /home/jay/mini_ws2/install/my_robot_description/share/my_robot_description/local_setup.sh
-- Up-to-date symlink: /home/jay/mini_ws2/install/my_robot_description/share/my_robot_description/local_setup.zsh
-- Up-to-date symlink: /home/jay/mini_ws2/install/my_robot_description/share/my_robot_description/local_setup.dsv
-- Symlinking: /home/jay/mini_ws2/install/my_robot_description/share/my_robot_description/package.dsv
-- Up-to-date symlink: /home/jay/mini_ws2/install/my_robot_description/share/ament_index/resource_index/packages/my_robot_description
-- Up-to-date symlink: /home/jay/mini_ws2/install/my_robot_description/share/my_robot_description/cmake/my_robot_descriptionConfig.cmake
-- Up-to-date symlink: /home/jay/mini_ws2/install/my_robot_description/share/my_robot_description/cmake/my_robot_descriptionConfig-version.cmake
-- Up-to-date symlink: /home/jay/mini_ws2/install/my_robot_description/share/my_robot_description/package.xml
