[0.051s] DEBUG:colcon:Command line arguments: ['/usr/bin/colcon', 'build', '--symlink-install']
[0.051s] DEBUG:colcon:Parsed command line arguments: Namespace(log_base=None, log_level=None, verb_name='build', build_base='build', install_base='install', merge_install=False, symlink_install=True, test_result_base=None, continue_on_error=False, executor='parallel', parallel_workers=24, event_handlers=None, ignore_user_meta=False, metas=['./colcon.meta'], base_paths=['.'], packages_ignore=None, packages_ignore_regex=None, paths=None, packages_up_to=None, packages_up_to_regex=None, packages_above=None, packages_above_and_dependencies=None, packages_above_depth=None, packages_select_by_dep=None, packages_skip_by_dep=None, packages_skip_up_to=None, packages_select_build_failed=False, packages_skip_build_finished=False, packages_select_test_failures=False, packages_skip_test_passed=False, packages_select=None, packages_skip=None, packages_select_regex=None, packages_skip_regex=None, packages_start=None, packages_end=None, allow_overriding=[], cmake_args=None, cmake_target=None, cmake_target_skip_unavailable=False, cmake_clean_cache=False, cmake_clean_first=False, cmake_force_configure=False, ament_cmake_args=None, catkin_cmake_args=None, catkin_skip_building_tests=False, verb_parser=<colcon_defaults.argument_parser.defaults.DefaultArgumentsDecorator object at 0x70a739e44dc0>, verb_extension=<colcon_core.verb.build.BuildVerb object at 0x70a739e448b0>, main=<bound method BuildVerb.main of <colcon_core.verb.build.BuildVerb object at 0x70a739e448b0>>)
[0.121s] Level 1:colcon.colcon_core.package_discovery:discover_packages(colcon_meta) check parameters
[0.121s] Level 1:colcon.colcon_core.package_discovery:discover_packages(recursive) check parameters
[0.121s] Level 1:colcon.colcon_core.package_discovery:discover_packages(ignore) check parameters
[0.121s] Level 1:colcon.colcon_core.package_discovery:discover_packages(path) check parameters
[0.121s] Level 1:colcon.colcon_core.package_discovery:discover_packages(colcon_meta) discover
[0.121s] Level 1:colcon.colcon_core.package_discovery:discover_packages(recursive) discover
[0.121s] INFO:colcon.colcon_core.package_discovery:Crawling recursively for packages in '/home/jay/mini_ws2'
[0.122s] Level 1:colcon.colcon_core.package_identification:_identify(.) by extensions ['ignore', 'ignore_ament_install']
[0.122s] Level 1:colcon.colcon_core.package_identification:_identify(.) by extension 'ignore'
[0.122s] Level 1:colcon.colcon_core.package_identification:_identify(.) by extension 'ignore_ament_install'
[0.122s] Level 1:colcon.colcon_core.package_identification:_identify(.) by extensions ['colcon_pkg']
[0.122s] Level 1:colcon.colcon_core.package_identification:_identify(.) by extension 'colcon_pkg'
[0.122s] Level 1:colcon.colcon_core.package_identification:_identify(.) by extensions ['colcon_meta']
[0.122s] Level 1:colcon.colcon_core.package_identification:_identify(.) by extension 'colcon_meta'
[0.122s] Level 1:colcon.colcon_core.package_identification:_identify(.) by extensions ['ros']
[0.122s] Level 1:colcon.colcon_core.package_identification:_identify(.) by extension 'ros'
[0.128s] Level 1:colcon.colcon_core.package_identification:_identify(.) by extensions ['cmake', 'python']
[0.128s] Level 1:colcon.colcon_core.package_identification:_identify(.) by extension 'cmake'
[0.128s] Level 1:colcon.colcon_core.package_identification:_identify(.) by extension 'python'
[0.128s] Level 1:colcon.colcon_core.package_identification:_identify(.) by extensions ['python_setup_py']
[0.128s] Level 1:colcon.colcon_core.package_identification:_identify(.) by extension 'python_setup_py'
[0.128s] Level 1:colcon.colcon_core.package_identification:_identify(build) by extensions ['ignore', 'ignore_ament_install']
[0.128s] Level 1:colcon.colcon_core.package_identification:_identify(build) by extension 'ignore'
[0.128s] Level 1:colcon.colcon_core.package_identification:_identify(build) ignored
[0.128s] Level 1:colcon.colcon_core.package_identification:_identify(install) by extensions ['ignore', 'ignore_ament_install']
[0.128s] Level 1:colcon.colcon_core.package_identification:_identify(install) by extension 'ignore'
[0.128s] Level 1:colcon.colcon_core.package_identification:_identify(install) ignored
[0.128s] Level 1:colcon.colcon_core.package_identification:_identify(log) by extensions ['ignore', 'ignore_ament_install']
[0.128s] Level 1:colcon.colcon_core.package_identification:_identify(log) by extension 'ignore'
[0.128s] Level 1:colcon.colcon_core.package_identification:_identify(log) ignored
[0.128s] Level 1:colcon.colcon_core.package_identification:_identify(src) by extensions ['ignore', 'ignore_ament_install']
[0.128s] Level 1:colcon.colcon_core.package_identification:_identify(src) by extension 'ignore'
[0.128s] Level 1:colcon.colcon_core.package_identification:_identify(src) by extension 'ignore_ament_install'
[0.128s] Level 1:colcon.colcon_core.package_identification:_identify(src) by extensions ['colcon_pkg']
[0.128s] Level 1:colcon.colcon_core.package_identification:_identify(src) by extension 'colcon_pkg'
[0.129s] Level 1:colcon.colcon_core.package_identification:_identify(src) by extensions ['colcon_meta']
[0.129s] Level 1:colcon.colcon_core.package_identification:_identify(src) by extension 'colcon_meta'
[0.129s] Level 1:colcon.colcon_core.package_identification:_identify(src) by extensions ['ros']
[0.129s] Level 1:colcon.colcon_core.package_identification:_identify(src) by extension 'ros'
[0.129s] Level 1:colcon.colcon_core.package_identification:_identify(src) by extensions ['cmake', 'python']
[0.129s] Level 1:colcon.colcon_core.package_identification:_identify(src) by extension 'cmake'
[0.129s] Level 1:colcon.colcon_core.package_identification:_identify(src) by extension 'python'
[0.129s] Level 1:colcon.colcon_core.package_identification:_identify(src) by extensions ['python_setup_py']
[0.129s] Level 1:colcon.colcon_core.package_identification:_identify(src) by extension 'python_setup_py'
[0.129s] Level 1:colcon.colcon_core.package_identification:_identify(src/my_robot_bringup) by extensions ['ignore', 'ignore_ament_install']
[0.129s] Level 1:colcon.colcon_core.package_identification:_identify(src/my_robot_bringup) by extension 'ignore'
[0.129s] Level 1:colcon.colcon_core.package_identification:_identify(src/my_robot_bringup) by extension 'ignore_ament_install'
[0.129s] Level 1:colcon.colcon_core.package_identification:_identify(src/my_robot_bringup) by extensions ['colcon_pkg']
[0.129s] Level 1:colcon.colcon_core.package_identification:_identify(src/my_robot_bringup) by extension 'colcon_pkg'
[0.129s] Level 1:colcon.colcon_core.package_identification:_identify(src/my_robot_bringup) by extensions ['colcon_meta']
[0.129s] Level 1:colcon.colcon_core.package_identification:_identify(src/my_robot_bringup) by extension 'colcon_meta'
[0.129s] Level 1:colcon.colcon_core.package_identification:_identify(src/my_robot_bringup) by extensions ['ros']
[0.129s] Level 1:colcon.colcon_core.package_identification:_identify(src/my_robot_bringup) by extension 'ros'
[0.130s] DEBUG:colcon.colcon_core.package_identification:Package 'src/my_robot_bringup' with type 'ros.ament_cmake' and name 'my_robot_bringup'
[0.130s] Level 1:colcon.colcon_core.package_identification:_identify(src/my_robot_description) by extensions ['ignore', 'ignore_ament_install']
[0.130s] Level 1:colcon.colcon_core.package_identification:_identify(src/my_robot_description) by extension 'ignore'
[0.130s] Level 1:colcon.colcon_core.package_identification:_identify(src/my_robot_description) by extension 'ignore_ament_install'
[0.130s] Level 1:colcon.colcon_core.package_identification:_identify(src/my_robot_description) by extensions ['colcon_pkg']
[0.130s] Level 1:colcon.colcon_core.package_identification:_identify(src/my_robot_description) by extension 'colcon_pkg'
[0.130s] Level 1:colcon.colcon_core.package_identification:_identify(src/my_robot_description) by extensions ['colcon_meta']
[0.130s] Level 1:colcon.colcon_core.package_identification:_identify(src/my_robot_description) by extension 'colcon_meta'
[0.130s] Level 1:colcon.colcon_core.package_identification:_identify(src/my_robot_description) by extensions ['ros']
[0.130s] Level 1:colcon.colcon_core.package_identification:_identify(src/my_robot_description) by extension 'ros'
[0.131s] DEBUG:colcon.colcon_core.package_identification:Package 'src/my_robot_description' with type 'ros.ament_cmake' and name 'my_robot_description'
[0.131s] Level 1:colcon.colcon_core.package_discovery:discover_packages(recursive) using defaults
[0.131s] Level 1:colcon.colcon_core.package_discovery:discover_packages(ignore) discover
[0.131s] Level 1:colcon.colcon_core.package_discovery:discover_packages(ignore) using defaults
[0.131s] Level 1:colcon.colcon_core.package_discovery:discover_packages(path) discover
[0.131s] Level 1:colcon.colcon_core.package_discovery:discover_packages(path) using defaults
[0.141s] Level 1:colcon.colcon_core.package_discovery:discover_packages(prefix_path) check parameters
[0.141s] Level 1:colcon.colcon_core.package_discovery:discover_packages(prefix_path) discover
[0.141s] WARNING:colcon.colcon_ros.prefix_path.ament:The path '/home/jay/mini_ws2/install/my_py_pkg' in the environment variable AMENT_PREFIX_PATH doesn't exist
[0.141s] WARNING:colcon.colcon_ros.prefix_path.ament:The path '/home/jay/mini_ws2/install/my_cpp_pkg' in the environment variable AMENT_PREFIX_PATH doesn't exist
[0.141s] WARNING:colcon.colcon_ros.prefix_path.ament:The path '/home/jay/mini_ws2/install/Hector_Keyboard' in the environment variable AMENT_PREFIX_PATH doesn't exist
[0.141s] WARNING:colcon.colcon_ros.prefix_path.catkin:The path '/home/jay/mini_ws2/install/my_cpp_pkg' in the environment variable CMAKE_PREFIX_PATH doesn't exist
[0.141s] WARNING:colcon.colcon_ros.prefix_path.catkin:The path '/home/jay/mini_ws2/install/Hector_Keyboard' in the environment variable CMAKE_PREFIX_PATH doesn't exist
[0.142s] DEBUG:colcon.colcon_installed_package_information.package_discovery:Found 2 installed packages in /home/jay/mini_ws2/install
[0.142s] DEBUG:colcon.colcon_installed_package_information.package_discovery:Found 5 installed packages in /home/jay/ros2_ws/install
[0.142s] DEBUG:colcon.colcon_installed_package_information.package_discovery:Found 0 installed packages in /home/jay/mini_ws2/src/my_robot_description/launch/install
[0.143s] DEBUG:colcon.colcon_installed_package_information.package_discovery:Found 364 installed packages in /opt/ros/humble
[0.148s] Level 1:colcon.colcon_core.package_discovery:discover_packages(prefix_path) using defaults
[0.168s] Level 5:colcon.colcon_core.verb:set package 'my_robot_description' build argument 'cmake_args' from command line to 'None'
[0.168s] Level 5:colcon.colcon_core.verb:set package 'my_robot_description' build argument 'cmake_target' from command line to 'None'
[0.168s] Level 5:colcon.colcon_core.verb:set package 'my_robot_description' build argument 'cmake_target_skip_unavailable' from command line to 'False'
[0.168s] Level 5:colcon.colcon_core.verb:set package 'my_robot_description' build argument 'cmake_clean_cache' from command line to 'False'
[0.168s] Level 5:colcon.colcon_core.verb:set package 'my_robot_description' build argument 'cmake_clean_first' from command line to 'False'
[0.168s] Level 5:colcon.colcon_core.verb:set package 'my_robot_description' build argument 'cmake_force_configure' from command line to 'False'
[0.168s] Level 5:colcon.colcon_core.verb:set package 'my_robot_description' build argument 'ament_cmake_args' from command line to 'None'
[0.168s] Level 5:colcon.colcon_core.verb:set package 'my_robot_description' build argument 'catkin_cmake_args' from command line to 'None'
[0.168s] Level 5:colcon.colcon_core.verb:set package 'my_robot_description' build argument 'catkin_skip_building_tests' from command line to 'False'
[0.168s] DEBUG:colcon.colcon_core.verb:Building package 'my_robot_description' with the following arguments: {'ament_cmake_args': None, 'build_base': '/home/jay/mini_ws2/build/my_robot_description', 'catkin_cmake_args': None, 'catkin_skip_building_tests': False, 'cmake_args': None, 'cmake_clean_cache': False, 'cmake_clean_first': False, 'cmake_force_configure': False, 'cmake_target': None, 'cmake_target_skip_unavailable': False, 'install_base': '/home/jay/mini_ws2/install/my_robot_description', 'merge_install': False, 'path': '/home/jay/mini_ws2/src/my_robot_description', 'symlink_install': True, 'test_result_base': None}
[0.168s] Level 5:colcon.colcon_core.verb:set package 'my_robot_bringup' build argument 'cmake_args' from command line to 'None'
[0.168s] Level 5:colcon.colcon_core.verb:set package 'my_robot_bringup' build argument 'cmake_target' from command line to 'None'
[0.168s] Level 5:colcon.colcon_core.verb:set package 'my_robot_bringup' build argument 'cmake_target_skip_unavailable' from command line to 'False'
[0.168s] Level 5:colcon.colcon_core.verb:set package 'my_robot_bringup' build argument 'cmake_clean_cache' from command line to 'False'
[0.168s] Level 5:colcon.colcon_core.verb:set package 'my_robot_bringup' build argument 'cmake_clean_first' from command line to 'False'
[0.168s] Level 5:colcon.colcon_core.verb:set package 'my_robot_bringup' build argument 'cmake_force_configure' from command line to 'False'
[0.168s] Level 5:colcon.colcon_core.verb:set package 'my_robot_bringup' build argument 'ament_cmake_args' from command line to 'None'
[0.168s] Level 5:colcon.colcon_core.verb:set package 'my_robot_bringup' build argument 'catkin_cmake_args' from command line to 'None'
[0.168s] Level 5:colcon.colcon_core.verb:set package 'my_robot_bringup' build argument 'catkin_skip_building_tests' from command line to 'False'
[0.169s] DEBUG:colcon.colcon_core.verb:Building package 'my_robot_bringup' with the following arguments: {'ament_cmake_args': None, 'build_base': '/home/jay/mini_ws2/build/my_robot_bringup', 'catkin_cmake_args': None, 'catkin_skip_building_tests': False, 'cmake_args': None, 'cmake_clean_cache': False, 'cmake_clean_first': False, 'cmake_force_configure': False, 'cmake_target': None, 'cmake_target_skip_unavailable': False, 'install_base': '/home/jay/mini_ws2/install/my_robot_bringup', 'merge_install': False, 'path': '/home/jay/mini_ws2/src/my_robot_bringup', 'symlink_install': True, 'test_result_base': None}
[0.169s] INFO:colcon.colcon_core.executor:Executing jobs using 'parallel' executor
[0.169s] DEBUG:colcon.colcon_parallel_executor.executor.parallel:run_until_complete
[0.169s] INFO:colcon.colcon_ros.task.ament_cmake.build:Building ROS package in '/home/jay/mini_ws2/src/my_robot_description' with build type 'ament_cmake'
[0.169s] INFO:colcon.colcon_cmake.task.cmake.build:Building CMake package in '/home/jay/mini_ws2/src/my_robot_description'
[0.170s] INFO:colcon.colcon_core.plugin_system:Skipping extension 'colcon_core.shell.bat': Not used on non-Windows systems
[0.170s] INFO:colcon.colcon_core.shell:Skip shell extension 'powershell' for command environment: Not usable outside of PowerShell
[0.170s] DEBUG:colcon.colcon_core.shell:Skip shell extension 'dsv' for command environment
[0.176s] DEBUG:colcon.colcon_core.event_handler.log_command:Invoking command in '/home/jay/mini_ws2/build/my_robot_description': CMAKE_PREFIX_PATH=${CMAKE_PREFIX_PATH}:/home/jay/mini_ws2/install/my_py_pkg:/home/jay/ros2_ws/install/my_py_pkg:/opt/ros/humble /usr/bin/cmake --build /home/jay/mini_ws2/build/my_robot_description -- -j24 -l24
[0.200s] DEBUG:colcon.colcon_core.event_handler.log_command:Invoked command in '/home/jay/mini_ws2/build/my_robot_description' returned '0': CMAKE_PREFIX_PATH=${CMAKE_PREFIX_PATH}:/home/jay/mini_ws2/install/my_py_pkg:/home/jay/ros2_ws/install/my_py_pkg:/opt/ros/humble /usr/bin/cmake --build /home/jay/mini_ws2/build/my_robot_description -- -j24 -l24
[0.232s] DEBUG:colcon.colcon_core.event_handler.log_command:Invoking command in '/home/jay/mini_ws2/build/my_robot_description': CMAKE_PREFIX_PATH=${CMAKE_PREFIX_PATH}:/home/jay/mini_ws2/install/my_py_pkg:/home/jay/ros2_ws/install/my_py_pkg:/opt/ros/humble /usr/bin/cmake --install /home/jay/mini_ws2/build/my_robot_description
[0.370s] Level 1:colcon.colcon_core.environment:create_environment_scripts_only(my_robot_description)
[0.371s] DEBUG:colcon.colcon_core.event_handler.log_command:Invoked command in '/home/jay/mini_ws2/build/my_robot_description' returned '0': CMAKE_PREFIX_PATH=${CMAKE_PREFIX_PATH}:/home/jay/mini_ws2/install/my_py_pkg:/home/jay/ros2_ws/install/my_py_pkg:/opt/ros/humble /usr/bin/cmake --install /home/jay/mini_ws2/build/my_robot_description
[0.372s] Level 1:colcon.colcon_core.environment:checking '/home/jay/mini_ws2/install/my_robot_description' for CMake module files
[0.372s] Level 1:colcon.colcon_core.environment:checking '/home/jay/mini_ws2/install/my_robot_description' for CMake config files
[0.373s] Level 1:colcon.colcon_core.shell:create_environment_hook('my_robot_description', 'cmake_prefix_path')
[0.373s] INFO:colcon.colcon_core.shell:Creating environment hook '/home/jay/mini_ws2/install/my_robot_description/share/my_robot_description/hook/cmake_prefix_path.ps1'
[0.373s] INFO:colcon.colcon_core.shell:Creating environment descriptor '/home/jay/mini_ws2/install/my_robot_description/share/my_robot_description/hook/cmake_prefix_path.dsv'
[0.374s] INFO:colcon.colcon_core.shell:Creating environment hook '/home/jay/mini_ws2/install/my_robot_description/share/my_robot_description/hook/cmake_prefix_path.sh'
[0.374s] Level 1:colcon.colcon_core.environment:checking '/home/jay/mini_ws2/install/my_robot_description/bin'
[0.374s] Level 1:colcon.colcon_core.environment:checking '/home/jay/mini_ws2/install/my_robot_description/lib/pkgconfig/my_robot_description.pc'
[0.375s] Level 1:colcon.colcon_core.environment:checking '/home/jay/mini_ws2/install/my_robot_description/lib/python3.10/site-packages'
[0.375s] Level 1:colcon.colcon_core.environment:checking '/home/jay/mini_ws2/install/my_robot_description/bin'
[0.375s] INFO:colcon.colcon_core.shell:Creating package script '/home/jay/mini_ws2/install/my_robot_description/share/my_robot_description/package.ps1'
[0.376s] INFO:colcon.colcon_core.shell:Creating package descriptor '/home/jay/mini_ws2/install/my_robot_description/share/my_robot_description/package.dsv'
[0.376s] INFO:colcon.colcon_core.shell:Creating package script '/home/jay/mini_ws2/install/my_robot_description/share/my_robot_description/package.sh'
[0.377s] INFO:colcon.colcon_core.shell:Creating package script '/home/jay/mini_ws2/install/my_robot_description/share/my_robot_description/package.bash'
[0.377s] INFO:colcon.colcon_core.shell:Creating package script '/home/jay/mini_ws2/install/my_robot_description/share/my_robot_description/package.zsh'
[0.378s] Level 1:colcon.colcon_core.environment:create_file_with_runtime_dependencies(/home/jay/mini_ws2/install/my_robot_description/share/colcon-core/packages/my_robot_description)
[0.398s] Level 1:colcon.colcon_core.environment:create_environment_scripts_only(my_robot_description)
[0.399s] Level 1:colcon.colcon_core.environment:checking '/home/jay/mini_ws2/install/my_robot_description' for CMake module files
[0.399s] Level 1:colcon.colcon_core.environment:checking '/home/jay/mini_ws2/install/my_robot_description' for CMake config files
[0.400s] Level 1:colcon.colcon_core.shell:create_environment_hook('my_robot_description', 'cmake_prefix_path')
[0.400s] INFO:colcon.colcon_core.shell:Creating environment hook '/home/jay/mini_ws2/install/my_robot_description/share/my_robot_description/hook/cmake_prefix_path.ps1'
[0.400s] INFO:colcon.colcon_core.shell:Creating environment descriptor '/home/jay/mini_ws2/install/my_robot_description/share/my_robot_description/hook/cmake_prefix_path.dsv'
[0.401s] INFO:colcon.colcon_core.shell:Creating environment hook '/home/jay/mini_ws2/install/my_robot_description/share/my_robot_description/hook/cmake_prefix_path.sh'
[0.401s] Level 1:colcon.colcon_core.environment:checking '/home/jay/mini_ws2/install/my_robot_description/bin'
[0.401s] Level 1:colcon.colcon_core.environment:checking '/home/jay/mini_ws2/install/my_robot_description/lib/pkgconfig/my_robot_description.pc'
[0.402s] Level 1:colcon.colcon_core.environment:checking '/home/jay/mini_ws2/install/my_robot_description/lib/python3.10/site-packages'
[0.402s] Level 1:colcon.colcon_core.environment:checking '/home/jay/mini_ws2/install/my_robot_description/bin'
[0.402s] INFO:colcon.colcon_core.shell:Creating package script '/home/jay/mini_ws2/install/my_robot_description/share/my_robot_description/package.ps1'
[0.403s] INFO:colcon.colcon_core.shell:Creating package descriptor '/home/jay/mini_ws2/install/my_robot_description/share/my_robot_description/package.dsv'
[0.403s] INFO:colcon.colcon_core.shell:Creating package script '/home/jay/mini_ws2/install/my_robot_description/share/my_robot_description/package.sh'
[0.404s] INFO:colcon.colcon_core.shell:Creating package script '/home/jay/mini_ws2/install/my_robot_description/share/my_robot_description/package.bash'
[0.404s] INFO:colcon.colcon_core.shell:Creating package script '/home/jay/mini_ws2/install/my_robot_description/share/my_robot_description/package.zsh'
[0.405s] Level 1:colcon.colcon_core.environment:create_file_with_runtime_dependencies(/home/jay/mini_ws2/install/my_robot_description/share/colcon-core/packages/my_robot_description)
[0.405s] INFO:colcon.colcon_ros.task.ament_cmake.build:Building ROS package in '/home/jay/mini_ws2/src/my_robot_bringup' with build type 'ament_cmake'
[0.405s] INFO:colcon.colcon_cmake.task.cmake.build:Building CMake package in '/home/jay/mini_ws2/src/my_robot_bringup'
[0.406s] INFO:colcon.colcon_core.shell:Skip shell extension 'powershell' for command environment: Not usable outside of PowerShell
[0.406s] DEBUG:colcon.colcon_core.shell:Skip shell extension 'dsv' for command environment
[0.418s] DEBUG:colcon.colcon_core.event_handler.log_command:Invoking command in '/home/jay/mini_ws2/build/my_robot_bringup': CMAKE_PREFIX_PATH=/home/jay/mini_ws2/install/my_robot_description:/home/jay/mini_ws2/install/my_robot_bringup:/home/jay/mini_ws2/install/my_cpp_pkg:/home/jay/mini_ws2/install/Hector_Keyboard:/home/jay/ros2_ws/install/my_robot_bringup:/home/jay/ros2_ws/install/my_robot_description:/home/jay/ros2_ws/install/my_cpp_pkg:/home/jay/ros2_ws/install/Hector_Keyboard:/home/jay/mini_ws2/install/my_py_pkg:/home/jay/ros2_ws/install/my_py_pkg:/opt/ros/humble /usr/bin/cmake --build /home/jay/mini_ws2/build/my_robot_bringup -- -j24 -l24
[0.463s] DEBUG:colcon.colcon_core.event_handler.log_command:Invoked command in '/home/jay/mini_ws2/build/my_robot_bringup' returned '0': CMAKE_PREFIX_PATH=/home/jay/mini_ws2/install/my_robot_description:/home/jay/mini_ws2/install/my_robot_bringup:/home/jay/mini_ws2/install/my_cpp_pkg:/home/jay/mini_ws2/install/Hector_Keyboard:/home/jay/ros2_ws/install/my_robot_bringup:/home/jay/ros2_ws/install/my_robot_description:/home/jay/ros2_ws/install/my_cpp_pkg:/home/jay/ros2_ws/install/Hector_Keyboard:/home/jay/mini_ws2/install/my_py_pkg:/home/jay/ros2_ws/install/my_py_pkg:/opt/ros/humble /usr/bin/cmake --build /home/jay/mini_ws2/build/my_robot_bringup -- -j24 -l24
[0.496s] DEBUG:colcon.colcon_core.event_handler.log_command:Invoking command in '/home/jay/mini_ws2/build/my_robot_bringup': CMAKE_PREFIX_PATH=/home/jay/mini_ws2/install/my_robot_description:/home/jay/mini_ws2/install/my_robot_bringup:/home/jay/mini_ws2/install/my_cpp_pkg:/home/jay/mini_ws2/install/Hector_Keyboard:/home/jay/ros2_ws/install/my_robot_bringup:/home/jay/ros2_ws/install/my_robot_description:/home/jay/ros2_ws/install/my_cpp_pkg:/home/jay/ros2_ws/install/Hector_Keyboard:/home/jay/mini_ws2/install/my_py_pkg:/home/jay/ros2_ws/install/my_py_pkg:/opt/ros/humble /usr/bin/cmake --install /home/jay/mini_ws2/build/my_robot_bringup
[0.518s] Level 1:colcon.colcon_core.environment:create_environment_scripts_only(my_robot_bringup)
[0.518s] Level 1:colcon.colcon_core.environment:checking '/home/jay/mini_ws2/install/my_robot_bringup' for CMake module files
[0.518s] DEBUG:colcon.colcon_core.event_handler.log_command:Invoked command in '/home/jay/mini_ws2/build/my_robot_bringup' returned '0': CMAKE_PREFIX_PATH=/home/jay/mini_ws2/install/my_robot_description:/home/jay/mini_ws2/install/my_robot_bringup:/home/jay/mini_ws2/install/my_cpp_pkg:/home/jay/mini_ws2/install/Hector_Keyboard:/home/jay/ros2_ws/install/my_robot_bringup:/home/jay/ros2_ws/install/my_robot_description:/home/jay/ros2_ws/install/my_cpp_pkg:/home/jay/ros2_ws/install/Hector_Keyboard:/home/jay/mini_ws2/install/my_py_pkg:/home/jay/ros2_ws/install/my_py_pkg:/opt/ros/humble /usr/bin/cmake --install /home/jay/mini_ws2/build/my_robot_bringup
[0.519s] Level 1:colcon.colcon_core.environment:checking '/home/jay/mini_ws2/install/my_robot_bringup' for CMake config files
[0.520s] Level 1:colcon.colcon_core.shell:create_environment_hook('my_robot_bringup', 'cmake_prefix_path')
[0.520s] INFO:colcon.colcon_core.shell:Creating environment hook '/home/jay/mini_ws2/install/my_robot_bringup/share/my_robot_bringup/hook/cmake_prefix_path.ps1'
[0.521s] INFO:colcon.colcon_core.shell:Creating environment descriptor '/home/jay/mini_ws2/install/my_robot_bringup/share/my_robot_bringup/hook/cmake_prefix_path.dsv'
[0.521s] INFO:colcon.colcon_core.shell:Creating environment hook '/home/jay/mini_ws2/install/my_robot_bringup/share/my_robot_bringup/hook/cmake_prefix_path.sh'
[0.522s] Level 1:colcon.colcon_core.environment:checking '/home/jay/mini_ws2/install/my_robot_bringup/bin'
[0.523s] Level 1:colcon.colcon_core.environment:checking '/home/jay/mini_ws2/install/my_robot_bringup/lib/pkgconfig/my_robot_bringup.pc'
[0.523s] Level 1:colcon.colcon_core.environment:checking '/home/jay/mini_ws2/install/my_robot_bringup/lib/python3.10/site-packages'
[0.524s] Level 1:colcon.colcon_core.environment:checking '/home/jay/mini_ws2/install/my_robot_bringup/bin'
[0.524s] INFO:colcon.colcon_core.shell:Creating package script '/home/jay/mini_ws2/install/my_robot_bringup/share/my_robot_bringup/package.ps1'
[0.525s] INFO:colcon.colcon_core.shell:Creating package descriptor '/home/jay/mini_ws2/install/my_robot_bringup/share/my_robot_bringup/package.dsv'
[0.526s] INFO:colcon.colcon_core.shell:Creating package script '/home/jay/mini_ws2/install/my_robot_bringup/share/my_robot_bringup/package.sh'
[0.527s] INFO:colcon.colcon_core.shell:Creating package script '/home/jay/mini_ws2/install/my_robot_bringup/share/my_robot_bringup/package.bash'
[0.527s] INFO:colcon.colcon_core.shell:Creating package script '/home/jay/mini_ws2/install/my_robot_bringup/share/my_robot_bringup/package.zsh'
[0.528s] Level 1:colcon.colcon_core.environment:create_file_with_runtime_dependencies(/home/jay/mini_ws2/install/my_robot_bringup/share/colcon-core/packages/my_robot_bringup)
[0.556s] Level 1:colcon.colcon_core.environment:create_environment_scripts_only(my_robot_bringup)
[0.556s] Level 1:colcon.colcon_core.environment:checking '/home/jay/mini_ws2/install/my_robot_bringup' for CMake module files
[0.557s] Level 1:colcon.colcon_core.environment:checking '/home/jay/mini_ws2/install/my_robot_bringup' for CMake config files
[0.557s] Level 1:colcon.colcon_core.shell:create_environment_hook('my_robot_bringup', 'cmake_prefix_path')
[0.557s] INFO:colcon.colcon_core.shell:Creating environment hook '/home/jay/mini_ws2/install/my_robot_bringup/share/my_robot_bringup/hook/cmake_prefix_path.ps1'
[0.558s] INFO:colcon.colcon_core.shell:Creating environment descriptor '/home/jay/mini_ws2/install/my_robot_bringup/share/my_robot_bringup/hook/cmake_prefix_path.dsv'
[0.558s] INFO:colcon.colcon_core.shell:Creating environment hook '/home/jay/mini_ws2/install/my_robot_bringup/share/my_robot_bringup/hook/cmake_prefix_path.sh'
[0.559s] Level 1:colcon.colcon_core.environment:checking '/home/jay/mini_ws2/install/my_robot_bringup/bin'
[0.559s] Level 1:colcon.colcon_core.environment:checking '/home/jay/mini_ws2/install/my_robot_bringup/lib/pkgconfig/my_robot_bringup.pc'
[0.559s] Level 1:colcon.colcon_core.environment:checking '/home/jay/mini_ws2/install/my_robot_bringup/lib/python3.10/site-packages'
[0.559s] Level 1:colcon.colcon_core.environment:checking '/home/jay/mini_ws2/install/my_robot_bringup/bin'
[0.559s] INFO:colcon.colcon_core.shell:Creating package script '/home/jay/mini_ws2/install/my_robot_bringup/share/my_robot_bringup/package.ps1'
[0.560s] INFO:colcon.colcon_core.shell:Creating package descriptor '/home/jay/mini_ws2/install/my_robot_bringup/share/my_robot_bringup/package.dsv'
[0.560s] INFO:colcon.colcon_core.shell:Creating package script '/home/jay/mini_ws2/install/my_robot_bringup/share/my_robot_bringup/package.sh'
[0.561s] INFO:colcon.colcon_core.shell:Creating package script '/home/jay/mini_ws2/install/my_robot_bringup/share/my_robot_bringup/package.bash'
[0.561s] INFO:colcon.colcon_core.shell:Creating package script '/home/jay/mini_ws2/install/my_robot_bringup/share/my_robot_bringup/package.zsh'
[0.562s] Level 1:colcon.colcon_core.environment:create_file_with_runtime_dependencies(/home/jay/mini_ws2/install/my_robot_bringup/share/colcon-core/packages/my_robot_bringup)
[0.562s] DEBUG:colcon.colcon_parallel_executor.executor.parallel:closing loop
[0.562s] DEBUG:colcon.colcon_parallel_executor.executor.parallel:loop closed
[0.562s] DEBUG:colcon.colcon_parallel_executor.executor.parallel:run_until_complete finished with '0'
[0.563s] DEBUG:colcon.colcon_core.event_reactor:joining thread
[0.568s] INFO:colcon.colcon_core.plugin_system:Skipping extension 'colcon_notification.desktop_notification.terminal_notifier': Not used on non-Darwin systems
[0.568s] INFO:colcon.colcon_core.plugin_system:Skipping extension 'colcon_notification.desktop_notification.win32': Not used on non-Windows systems
[0.568s] INFO:colcon.colcon_notification.desktop_notification:Sending desktop notification using 'notify2'
[0.581s] DEBUG:colcon.colcon_core.event_reactor:joined thread
[0.582s] INFO:colcon.colcon_core.shell:Creating prefix script '/home/jay/mini_ws2/install/local_setup.ps1'
[0.582s] INFO:colcon.colcon_core.shell:Creating prefix util module '/home/jay/mini_ws2/install/_local_setup_util_ps1.py'
[0.584s] INFO:colcon.colcon_core.shell:Creating prefix chain script '/home/jay/mini_ws2/install/setup.ps1'
[0.585s] INFO:colcon.colcon_core.shell:Creating prefix script '/home/jay/mini_ws2/install/local_setup.sh'
[0.585s] INFO:colcon.colcon_core.shell:Creating prefix util module '/home/jay/mini_ws2/install/_local_setup_util_sh.py'
[0.586s] INFO:colcon.colcon_core.shell:Creating prefix chain script '/home/jay/mini_ws2/install/setup.sh'
[0.587s] INFO:colcon.colcon_core.shell:Creating prefix script '/home/jay/mini_ws2/install/local_setup.bash'
[0.588s] INFO:colcon.colcon_core.shell:Creating prefix chain script '/home/jay/mini_ws2/install/setup.bash'
[0.589s] INFO:colcon.colcon_core.shell:Creating prefix script '/home/jay/mini_ws2/install/local_setup.zsh'
[0.589s] INFO:colcon.colcon_core.shell:Creating prefix chain script '/home/jay/mini_ws2/install/setup.zsh'
