[0.009s] Invoking command in '/home/jay/mini_ws2/build/my_robot_bringup': CMAKE_PREFIX_PATH=/home/jay/mini_ws2/install/my_robot_description:/home/jay/mini_ws2/install/my_robot_bringup:/home/jay/mini_ws2/install/my_cpp_pkg:/home/jay/mini_ws2/install/Hector_Keyboard:/home/jay/ros2_ws/install/my_robot_bringup:/home/jay/ros2_ws/install/my_robot_description:/home/jay/ros2_ws/install/my_cpp_pkg:/home/jay/ros2_ws/install/Hector_Keyboard:/home/jay/mini_ws2/install/my_py_pkg:/home/jay/ros2_ws/install/my_py_pkg:/opt/ros/humble /usr/bin/cmake /home/jay/mini_ws2/src/my_robot_bringup -DAMENT_CMAKE_SYMLINK_INSTALL=1 -DCMAKE_INSTALL_PREFIX=/home/jay/mini_ws2/install/my_robot_bringup
[0.059s] -- The C compiler identification is GNU 11.4.0
[0.103s] -- The CXX compiler identification is GNU 11.4.0
[0.111s] -- Detecting C compiler ABI info
[0.194s] -- Detecting C compiler ABI info - done
[0.200s] -- Check for working C compiler: /usr/bin/cc - skipped
[0.201s] -- Detecting C compile features
[0.201s] -- Detecting C compile features - done
[0.205s] -- Detecting CXX compiler ABI info
[0.283s] -- Detecting CXX compiler ABI info - done
[0.287s] -- Check for working CXX compiler: /usr/bin/c++ - skipped
[0.287s] -- Detecting CXX compile features
[0.288s] -- Detecting CXX compile features - done
[0.289s] -- Found ament_cmake: 1.3.8 (/opt/ros/humble/share/ament_cmake/cmake)
[0.373s] -- Found Python3: /usr/bin/python3 (found version "3.10.12") found components: Interpreter 
[0.407s] -- Override CMake install command with custom implementation using symlinks instead of copying resources
[0.456s] -- Configuring done
[0.457s] -- Generating done
[0.458s] -- Build files have been written to: /home/jay/mini_ws2/build/my_robot_bringup
[0.460s] Invoked command in '/home/jay/mini_ws2/build/my_robot_bringup' returned '0': CMAKE_PREFIX_PATH=/home/jay/mini_ws2/install/my_robot_description:/home/jay/mini_ws2/install/my_robot_bringup:/home/jay/mini_ws2/install/my_cpp_pkg:/home/jay/mini_ws2/install/Hector_Keyboard:/home/jay/ros2_ws/install/my_robot_bringup:/home/jay/ros2_ws/install/my_robot_description:/home/jay/ros2_ws/install/my_cpp_pkg:/home/jay/ros2_ws/install/Hector_Keyboard:/home/jay/mini_ws2/install/my_py_pkg:/home/jay/ros2_ws/install/my_py_pkg:/opt/ros/humble /usr/bin/cmake /home/jay/mini_ws2/src/my_robot_bringup -DAMENT_CMAKE_SYMLINK_INSTALL=1 -DCMAKE_INSTALL_PREFIX=/home/jay/mini_ws2/install/my_robot_bringup
[0.461s] Invoking command in '/home/jay/mini_ws2/build/my_robot_bringup': CMAKE_PREFIX_PATH=/home/jay/mini_ws2/install/my_robot_description:/home/jay/mini_ws2/install/my_robot_bringup:/home/jay/mini_ws2/install/my_cpp_pkg:/home/jay/mini_ws2/install/Hector_Keyboard:/home/jay/ros2_ws/install/my_robot_bringup:/home/jay/ros2_ws/install/my_robot_description:/home/jay/ros2_ws/install/my_cpp_pkg:/home/jay/ros2_ws/install/Hector_Keyboard:/home/jay/mini_ws2/install/my_py_pkg:/home/jay/ros2_ws/install/my_py_pkg:/opt/ros/humble /usr/bin/cmake --build /home/jay/mini_ws2/build/my_robot_bringup -- -j24 -l24
[0.491s] Invoked command in '/home/jay/mini_ws2/build/my_robot_bringup' returned '0': CMAKE_PREFIX_PATH=/home/jay/mini_ws2/install/my_robot_description:/home/jay/mini_ws2/install/my_robot_bringup:/home/jay/mini_ws2/install/my_cpp_pkg:/home/jay/mini_ws2/install/Hector_Keyboard:/home/jay/ros2_ws/install/my_robot_bringup:/home/jay/ros2_ws/install/my_robot_description:/home/jay/ros2_ws/install/my_cpp_pkg:/home/jay/ros2_ws/install/Hector_Keyboard:/home/jay/mini_ws2/install/my_py_pkg:/home/jay/ros2_ws/install/my_py_pkg:/opt/ros/humble /usr/bin/cmake --build /home/jay/mini_ws2/build/my_robot_bringup -- -j24 -l24
[0.515s] Invoking command in '/home/jay/mini_ws2/build/my_robot_bringup': CMAKE_PREFIX_PATH=/home/jay/mini_ws2/install/my_robot_description:/home/jay/mini_ws2/install/my_robot_bringup:/home/jay/mini_ws2/install/my_cpp_pkg:/home/jay/mini_ws2/install/Hector_Keyboard:/home/jay/ros2_ws/install/my_robot_bringup:/home/jay/ros2_ws/install/my_robot_description:/home/jay/ros2_ws/install/my_cpp_pkg:/home/jay/ros2_ws/install/Hector_Keyboard:/home/jay/mini_ws2/install/my_py_pkg:/home/jay/ros2_ws/install/my_py_pkg:/opt/ros/humble /usr/bin/cmake --install /home/jay/mini_ws2/build/my_robot_bringup
[0.524s] -- Install configuration: ""
[0.524s] -- Execute custom install script
[0.525s] -- Symlinking: /home/jay/mini_ws2/install/my_robot_bringup/share/my_robot_bringup//launch/my_robot_gazebo.launch.xml
[0.533s] -- Symlinking: /home/jay/mini_ws2/install/my_robot_bringup/share/my_robot_bringup//rviz/urdf_config.rviz
[0.545s] -- Symlinking: /home/jay/mini_ws2/install/my_robot_bringup/share/my_robot_bringup//worlds/test_world.world
[0.556s] -- Symlinking: /home/jay/mini_ws2/install/my_robot_bringup/share/ament_index/resource_index/package_run_dependencies/my_robot_bringup
[0.567s] -- Symlinking: /home/jay/mini_ws2/install/my_robot_bringup/share/ament_index/resource_index/parent_prefix_path/my_robot_bringup
[0.575s] -- Symlinking: /home/jay/mini_ws2/install/my_robot_bringup/share/my_robot_bringup/environment/ament_prefix_path.sh
[0.579s] -- Symlinking: /home/jay/mini_ws2/install/my_robot_bringup/share/my_robot_bringup/environment/ament_prefix_path.dsv
[0.584s] -- Symlinking: /home/jay/mini_ws2/install/my_robot_bringup/share/my_robot_bringup/environment/path.sh
[0.589s] -- Symlinking: /home/jay/mini_ws2/install/my_robot_bringup/share/my_robot_bringup/environment/path.dsv
[0.594s] -- Symlinking: /home/jay/mini_ws2/install/my_robot_bringup/share/my_robot_bringup/local_setup.bash
[0.599s] -- Symlinking: /home/jay/mini_ws2/install/my_robot_bringup/share/my_robot_bringup/local_setup.sh
[0.603s] -- Symlinking: /home/jay/mini_ws2/install/my_robot_bringup/share/my_robot_bringup/local_setup.zsh
[0.607s] -- Symlinking: /home/jay/mini_ws2/install/my_robot_bringup/share/my_robot_bringup/local_setup.dsv
[0.612s] -- Symlinking: /home/jay/mini_ws2/install/my_robot_bringup/share/my_robot_bringup/package.dsv
[0.617s] -- Symlinking: /home/jay/mini_ws2/install/my_robot_bringup/share/ament_index/resource_index/packages/my_robot_bringup
[0.622s] -- Symlinking: /home/jay/mini_ws2/install/my_robot_bringup/share/my_robot_bringup/cmake/my_robot_bringupConfig.cmake
[0.627s] -- Symlinking: /home/jay/mini_ws2/install/my_robot_bringup/share/my_robot_bringup/cmake/my_robot_bringupConfig-version.cmake
[0.632s] -- Symlinking: /home/jay/mini_ws2/install/my_robot_bringup/share/my_robot_bringup/package.xml
[0.640s] Invoked command in '/home/jay/mini_ws2/build/my_robot_bringup' returned '0': CMAKE_PREFIX_PATH=/home/jay/mini_ws2/install/my_robot_description:/home/jay/mini_ws2/install/my_robot_bringup:/home/jay/mini_ws2/install/my_cpp_pkg:/home/jay/mini_ws2/install/Hector_Keyboard:/home/jay/ros2_ws/install/my_robot_bringup:/home/jay/ros2_ws/install/my_robot_description:/home/jay/ros2_ws/install/my_cpp_pkg:/home/jay/ros2_ws/install/Hector_Keyboard:/home/jay/mini_ws2/install/my_py_pkg:/home/jay/ros2_ws/install/my_py_pkg:/opt/ros/humble /usr/bin/cmake --install /home/jay/mini_ws2/build/my_robot_bringup
